<?xml version="1.0" encoding="UTF-8"?>
<!-- Generated by org.testng.reporters.JUnitXMLReporter -->
<testsuite ignored="0" hostname="DESKTOP-378FNKH" failures="0" tests="4" name="Default test" time="7.649" errors="0" timestamp="2024-06-17T16:47:47 IST">
  <testcase classname="api.test.UserTests" name="testPostUser" time="2.85"/>
  <testcase classname="api.test.UserTests" name="testgetUser" time="1.135"/>
  <testcase classname="api.test.UserTests" name="testUpdateUserByName" time="2.349"/>
  <testcase classname="api.test.UserTests" name="testDeleteUserByName" time="1.067"/>
</testsuite> <!-- Default test -->
