<?xml version="1.0" encoding="UTF-8"?>
<!-- Generated by org.testng.reporters.JUnitXMLReporter -->
<testsuite ignored="0" hostname="DESKTOP-378FNKH" failures="0" tests="4" name="Test" time="7.594" errors="0" timestamp="2024-06-17T16:57:04 IST">
  <testcase classname="api.test.UserTests" name="testPostUser" time="2.796"/>
  <testcase classname="api.test.UserTests" name="testgetUser" time="1.155"/>
  <testcase classname="api.test.UserTests" name="testUpdateUserByName" time="2.25"/>
  <testcase classname="api.test.UserTests" name="testDeleteUserByName" time="1.148"/>
</testsuite> <!-- Test -->
