<?xml version="1.0" encoding="UTF-8"?>
<!-- Generated by org.testng.reporters.JUnitXMLReporter -->
<testsuite ignored="0" hostname="DESKTOP-378FNKH" failures="0" tests="4" name="Test" time="8.788" errors="0" timestamp="2024-06-18T11:05:13 IST">
  <testcase classname="api.test.UserTests" name="testPostUser" time="3.827"/>
  <testcase classname="api.test.UserTests" name="testgetUser" time="1.17"/>
  <testcase classname="api.test.UserTests" name="testUpdateUserByName" time="2.257"/>
  <testcase classname="api.test.UserTests" name="testDeleteUserByName" time="1.121"/>
</testsuite> <!-- Test -->
