<?xml version="1.0" encoding="UTF-8"?>
<testng-results ignored="0" total="4" passed="4" failed="0" skipped="0">
  <reporter-output>
  </reporter-output>
  <suite started-at="2024-06-18T11:05:04 IST" name="Suite" finished-at="2024-06-18T11:05:13 IST" duration-ms="8788">
    <groups>
    </groups>
    <test started-at="2024-06-18T11:05:04 IST" name="Test" finished-at="2024-06-18T11:05:13 IST" duration-ms="8788">
      <class name="api.test.UserTests">
        <test-method is-config="true" signature="setUpData()[pri:0, instance:api.test.UserTests@290222c1]" started-at="2024-06-18T11:05:04 IST" name="setUpData" finished-at="2024-06-18T11:05:04 IST" duration-ms="341" status="PASS">
          <reporter-output>
          </reporter-output>
        </test-method> <!-- setUpData -->
        <test-method signature="testPostUser()[pri:1, instance:api.test.UserTests@290222c1]" started-at="2024-06-18T11:05:04 IST" name="testPostUser" finished-at="2024-06-18T11:05:08 IST" duration-ms="3827" status="PASS">
          <reporter-output>
          </reporter-output>
        </test-method> <!-- testPostUser -->
        <test-method signature="testgetUser()[pri:2, instance:api.test.UserTests@290222c1]" started-at="2024-06-18T11:05:08 IST" name="testgetUser" finished-at="2024-06-18T11:05:09 IST" duration-ms="1170" status="PASS">
          <reporter-output>
          </reporter-output>
        </test-method> <!-- testgetUser -->
        <test-method signature="testUpdateUserByName()[pri:3, instance:api.test.UserTests@290222c1]" started-at="2024-06-18T11:05:09 IST" name="testUpdateUserByName" finished-at="2024-06-18T11:05:12 IST" duration-ms="2257" status="PASS">
          <reporter-output>
          </reporter-output>
        </test-method> <!-- testUpdateUserByName -->
        <test-method signature="testDeleteUserByName()[pri:4, instance:api.test.UserTests@290222c1]" started-at="2024-06-18T11:05:12 IST" name="testDeleteUserByName" finished-at="2024-06-18T11:05:13 IST" duration-ms="1121" status="PASS">
          <reporter-output>
          </reporter-output>
        </test-method> <!-- testDeleteUserByName -->
      </class> <!-- api.test.UserTests -->
    </test> <!-- Test -->
  </suite> <!-- Suite -->
</testng-results>
