<?xml version="1.0" encoding="UTF-8"?>
<testng-results ignored="0" total="4" passed="4" failed="0" skipped="0">
  <reporter-output>
  </reporter-output>
  <suite started-at="2024-06-17T16:56:57 IST" name="Suite" finished-at="2024-06-17T16:57:04 IST" duration-ms="7594">
    <groups>
    </groups>
    <test started-at="2024-06-17T16:56:57 IST" name="Test" finished-at="2024-06-17T16:57:04 IST" duration-ms="7594">
      <class name="api.test.UserTests">
        <test-method is-config="true" signature="setUpData()[pri:0, instance:api.test.UserTests@1c7696c6]" started-at="2024-06-17T16:56:57 IST" name="setUpData" finished-at="2024-06-17T16:56:57 IST" duration-ms="188" status="PASS">
          <reporter-output>
          </reporter-output>
        </test-method> <!-- setUpData -->
        <test-method signature="testPostUser()[pri:1, instance:api.test.UserTests@1c7696c6]" started-at="2024-06-17T16:56:57 IST" name="testPostUser" finished-at="2024-06-17T16:57:00 IST" duration-ms="2796" status="PASS">
          <reporter-output>
          </reporter-output>
        </test-method> <!-- testPostUser -->
        <test-method signature="testgetUser()[pri:2, instance:api.test.UserTests@1c7696c6]" started-at="2024-06-17T16:57:00 IST" name="testgetUser" finished-at="2024-06-17T16:57:01 IST" duration-ms="1155" status="PASS">
          <reporter-output>
          </reporter-output>
        </test-method> <!-- testgetUser -->
        <test-method signature="testUpdateUserByName()[pri:3, instance:api.test.UserTests@1c7696c6]" started-at="2024-06-17T16:57:01 IST" name="testUpdateUserByName" finished-at="2024-06-17T16:57:03 IST" duration-ms="2250" status="PASS">
          <reporter-output>
          </reporter-output>
        </test-method> <!-- testUpdateUserByName -->
        <test-method signature="testDeleteUserByName()[pri:4, instance:api.test.UserTests@1c7696c6]" started-at="2024-06-17T16:57:03 IST" name="testDeleteUserByName" finished-at="2024-06-17T16:57:04 IST" duration-ms="1148" status="PASS">
          <reporter-output>
          </reporter-output>
        </test-method> <!-- testDeleteUserByName -->
      </class> <!-- api.test.UserTests -->
    </test> <!-- Test -->
  </suite> <!-- Suite -->
</testng-results>
